2022-08-04 09:26:40,286:myscripts.logger_comb:successfull removing outliers
2022-08-04 09:27:07,310:myscripts.logger_comb:successfull removing outliers
2022-08-04 09:27:15,977:myscripts.logger_comb:successfull removing outliers
2022-08-04 09:27:19,169:myscripts.logger_comb:successfull removing outliers
2022-08-04 09:27:36,737:myscripts.logger_comb:successfull removing outliers
2022-08-04 09:29:10,650:myscripts.logger_comb:successfull removing outliers
2022-08-04 09:29:10,650:myscripts.logger_comb:successfull removing outliers
2022-08-04 09:37:10,173:myscripts.logger_comb:successfull removing outliers
2022-08-04 09:37:10,221:myscripts.logger_comb:successfull removing outliers
2022-08-04 10:09:11,721:myscripts.logger_comb:successfull removing outliers
2022-08-04 10:09:11,736:myscripts.logger_comb:successfull removing outliers
2022-08-04 10:20:53,695:myscripts.logger_comb:successfull removing outliers
2022-08-04 10:20:53,695:myscripts.logger_comb:successfull removing outliers
2022-08-04 10:20:54,710:myscripts.logger_comb:successful filled nan with input value
2022-08-04 10:20:54,714:myscripts.logger_comb:successful filled nan with input value
2022-08-04 10:20:54,873:myscripts.logger_comb:successful filled nan with input value
2022-08-04 10:20:54,879:myscripts.logger_comb:successful filled nan with input value
2022-08-04 10:20:55,022:myscripts.logger_comb:successful filled nan with input value
2022-08-04 10:20:55,048:myscripts.logger_comb:successful filled nan with input value
2022-08-04 10:20:55,048:myscripts.logger_comb:successful filled nan with input value
2022-08-04 10:20:55,048:myscripts.logger_comb:successful filled nan with input value
2022-08-04 10:20:55,110:myscripts.logger_comb:successful filled nan with input value
2022-08-04 10:20:55,110:myscripts.logger_comb:successful filled nan with input value
2022-08-04 10:20:55,124:myscripts.logger_comb:successful filled nan with input value
2022-08-04 10:23:08,199:myscripts.logger_comb:successfull removing outliers
2022-08-04 10:23:08,199:myscripts.logger_comb:successfull removing outliers
2022-08-04 10:23:09,252:myscripts.logger_comb:successful filled nan with input value
2022-08-04 10:23:09,256:myscripts.logger_comb:successful filled nan with input value
2022-08-04 10:23:09,450:myscripts.logger_comb:successful filled nan with input value
2022-08-04 10:23:09,454:myscripts.logger_comb:successful filled nan with input value
2022-08-04 10:23:09,588:myscripts.logger_comb:successful filled nan with input value
2022-08-04 10:23:09,607:myscripts.logger_comb:successful filled nan with input value
2022-08-04 10:23:09,615:myscripts.logger_comb:successful filled nan with input value
2022-08-04 10:23:09,615:myscripts.logger_comb:successful filled nan with input value
2022-08-04 10:23:09,698:myscripts.logger_comb:successful filled nan with input value
2022-08-04 10:23:09,704:myscripts.logger_comb:successful filled nan with input value
2022-08-04 11:27:50,012:myscripts.logger_comb:successful filled nan with input value
2022-08-04 11:28:14,710:myscripts.logger_comb:successful filled nan with input value
2022-08-04 11:31:31,393:myscripts.logger_comb:successfull removing outliers
2022-08-04 11:31:31,408:myscripts.logger_comb:successfull removing outliers
2022-08-04 11:31:33,454:myscripts.logger_comb:successful filled nan with input value
2022-08-04 11:31:33,462:myscripts.logger_comb:successful filled nan with input value
2022-08-04 11:31:33,733:myscripts.logger_comb:successful filled nan with input value
2022-08-04 11:31:33,746:myscripts.logger_comb:successful filled nan with input value
2022-08-04 11:31:33,999:myscripts.logger_comb:successful filled nan with input value
2022-08-04 11:31:34,056:myscripts.logger_comb:successful filled nan with input value
2022-08-04 11:31:34,056:myscripts.logger_comb:successful filled nan with input value
2022-08-04 11:31:34,074:myscripts.logger_comb:successful filled nan with input value
2022-08-04 11:31:34,210:myscripts.logger_comb:successful filled nan with input value
2022-08-04 11:31:34,216:myscripts.logger_comb:successful filled nan with input value
2022-08-04 11:33:56,888:myscripts.logger_comb:successfull removing outliers
2022-08-04 11:33:56,891:myscripts.logger_comb:successfull removing outliers
2022-08-04 11:33:57,223:myscripts.logger_comb:successful filled nan with input value
2022-08-04 11:33:57,224:myscripts.logger_comb:successful filled nan with input value
2022-08-04 11:33:57,287:myscripts.logger_comb:successful filled nan with input value
2022-08-04 11:33:57,289:myscripts.logger_comb:successful filled nan with input value
2022-08-04 11:33:57,336:myscripts.logger_comb:successful filled nan with input value
2022-08-04 11:33:57,347:myscripts.logger_comb:successful filled nan with input value
2022-08-04 11:33:57,348:myscripts.logger_comb:successful filled nan with input value
2022-08-04 11:33:57,348:myscripts.logger_comb:successful filled nan with input value
2022-08-04 11:33:57,395:myscripts.logger_comb:successful filled nan with input value
2022-08-04 11:33:57,395:myscripts.logger_comb:successful filled nan with input value
2022-08-04 11:34:11,522:myscripts.logger_comb:successfull removing outliers
2022-08-04 11:34:11,524:myscripts.logger_comb:successfull removing outliers
2022-08-04 11:34:11,885:myscripts.logger_comb:successful filled nan with input value
2022-08-04 11:34:11,886:myscripts.logger_comb:successful filled nan with input value
2022-08-04 11:34:11,947:myscripts.logger_comb:successful filled nan with input value
2022-08-04 11:34:11,949:myscripts.logger_comb:successful filled nan with input value
2022-08-04 11:34:11,997:myscripts.logger_comb:successful filled nan with input value
2022-08-04 11:34:12,007:myscripts.logger_comb:successful filled nan with input value
2022-08-04 11:34:12,008:myscripts.logger_comb:successful filled nan with input value
2022-08-04 11:34:12,009:myscripts.logger_comb:successful filled nan with input value
2022-08-04 11:34:12,055:myscripts.logger_comb:successful filled nan with input value
2022-08-04 11:34:12,055:myscripts.logger_comb:successful filled nan with input value
2022-08-04 11:34:35,153:myscripts.logger_comb:successful filled nan with input value
2022-08-04 11:34:35,154:myscripts.logger_comb:successful filled nan with input value
2022-08-04 11:34:35,154:myscripts.logger_comb:successful filled nan with input value
2022-08-04 11:34:48,423:myscripts.logger_comb:successfull removing outliers
2022-08-04 11:34:48,437:myscripts.logger_comb:successfull removing outliers
2022-08-04 11:34:48,848:myscripts.logger_comb:successful filled nan with input value
2022-08-04 11:34:48,849:myscripts.logger_comb:successful filled nan with input value
2022-08-04 11:34:48,915:myscripts.logger_comb:successful filled nan with input value
2022-08-04 11:34:48,918:myscripts.logger_comb:successful filled nan with input value
2022-08-04 11:34:48,959:myscripts.logger_comb:successful filled nan with input value
2022-08-04 11:34:48,969:myscripts.logger_comb:successful filled nan with input value
2022-08-04 11:34:48,970:myscripts.logger_comb:successful filled nan with input value
2022-08-04 11:34:48,971:myscripts.logger_comb:successful filled nan with input value
2022-08-04 11:34:49,016:myscripts.logger_comb:successful filled nan with input value
2022-08-04 11:34:49,017:myscripts.logger_comb:successful filled nan with input value
2022-08-04 11:34:49,017:myscripts.logger_comb:successful filled nan with input value
2022-08-04 12:03:43,662:myscripts.logger_comb:successfull removing outliers
2022-08-04 12:03:43,695:myscripts.logger_comb:successfull removing outliers
2022-08-04 12:03:46,364:myscripts.logger_comb:successful filled nan with input value
2022-08-04 12:03:46,376:myscripts.logger_comb:successful filled nan with input value
2022-08-04 12:03:46,755:myscripts.logger_comb:successful filled nan with input value
2022-08-04 12:03:46,777:myscripts.logger_comb:successful filled nan with input value
2022-08-04 12:03:47,135:myscripts.logger_comb:successful filled nan with input value
2022-08-04 12:03:47,220:myscripts.logger_comb:successful filled nan with input value
2022-08-04 12:03:47,222:myscripts.logger_comb:successful filled nan with input value
2022-08-04 12:03:47,240:myscripts.logger_comb:successful filled nan with input value
2022-08-04 12:03:47,412:myscripts.logger_comb:successful filled nan with input value
2022-08-04 12:03:47,430:myscripts.logger_comb:successful filled nan with input value
2022-08-04 12:03:47,430:myscripts.logger_comb:successful filled nan with input value
2022-08-04 12:13:39,809:myscripts.logger_comb:successful convert to numeric
2022-08-04 12:13:40,171:myscripts.logger_comb:successful convert to numeric
2022-08-04 12:17:04,287:myscripts.logger_comb:successfull removing outliers
2022-08-04 12:17:04,302:myscripts.logger_comb:successfull removing outliers
2022-08-04 12:17:05,039:myscripts.logger_comb:successful filled nan with input value
2022-08-04 12:17:05,041:myscripts.logger_comb:successful filled nan with input value
2022-08-04 12:17:05,166:myscripts.logger_comb:successful filled nan with input value
2022-08-04 12:17:05,166:myscripts.logger_comb:successful filled nan with input value
2022-08-04 12:17:05,261:myscripts.logger_comb:successful filled nan with input value
2022-08-04 12:17:05,281:myscripts.logger_comb:successful filled nan with input value
2022-08-04 12:17:05,283:myscripts.logger_comb:successful filled nan with input value
2022-08-04 12:17:05,285:myscripts.logger_comb:successful filled nan with input value
2022-08-04 12:17:05,341:myscripts.logger_comb:successful filled nan with input value
2022-08-04 12:17:05,341:myscripts.logger_comb:successful filled nan with input value
2022-08-04 12:17:05,341:myscripts.logger_comb:successful filled nan with input value
2022-08-04 12:17:08,167:myscripts.logger_comb:successful convert to numeric
2022-08-04 12:17:08,251:myscripts.logger_comb:successful convert to numeric
2022-08-04 13:10:34,725:myscripts.logger_comb:successfull removing outliers
2022-08-04 13:10:34,741:myscripts.logger_comb:successfull removing outliers
2022-08-04 13:10:35,742:myscripts.logger_comb:successful filled nan with input value
2022-08-04 13:10:35,742:myscripts.logger_comb:successful filled nan with input value
2022-08-04 13:10:35,928:myscripts.logger_comb:successful filled nan with input value
2022-08-04 13:10:35,938:myscripts.logger_comb:successful filled nan with input value
2022-08-04 13:10:36,076:myscripts.logger_comb:successful filled nan with input value
2022-08-04 13:10:36,109:myscripts.logger_comb:successful filled nan with input value
2022-08-04 13:10:36,110:myscripts.logger_comb:successful filled nan with input value
2022-08-04 13:10:36,110:myscripts.logger_comb:successful filled nan with input value
2022-08-04 13:10:36,191:myscripts.logger_comb:successful filled nan with input value
2022-08-04 13:10:36,191:myscripts.logger_comb:successful filled nan with input value
2022-08-04 13:10:36,191:myscripts.logger_comb:successful filled nan with input value
2022-08-04 13:10:47,047:myscripts.logger_comb:successful convert cat cols to numeric
2022-08-04 13:10:47,168:myscripts.logger_comb:successful convert cat cols to numeric
2022-08-04 13:12:19,734:myscripts.logger_comb:successfull removing outliers
2022-08-04 13:12:19,750:myscripts.logger_comb:successfull removing outliers
2022-08-04 13:12:20,811:myscripts.logger_comb:successful filled nan with input value
2022-08-04 13:12:20,820:myscripts.logger_comb:successful filled nan with input value
2022-08-04 13:12:21,335:myscripts.logger_comb:successful filled nan with input value
2022-08-04 13:12:21,351:myscripts.logger_comb:successful filled nan with input value
2022-08-04 13:12:21,905:myscripts.logger_comb:successful filled nan with input value
2022-08-04 13:12:21,988:myscripts.logger_comb:successful filled nan with input value
2022-08-04 13:12:22,011:myscripts.logger_comb:successful filled nan with input value
2022-08-04 13:12:22,012:myscripts.logger_comb:successful filled nan with input value
2022-08-04 13:12:22,243:myscripts.logger_comb:successful filled nan with input value
2022-08-04 13:12:22,252:myscripts.logger_comb:successful filled nan with input value
2022-08-04 13:12:22,260:myscripts.logger_comb:successful filled nan with input value
2022-08-04 13:12:31,540:myscripts.logger_comb:successful convert cat cols to numeric
2022-08-04 13:12:31,639:myscripts.logger_comb:successful convert cat cols to numeric
2022-08-04 13:12:52,483:myscripts.logger_comb:successful scaling data
2022-08-04 13:12:52,757:myscripts.logger_comb:successful scaling data
2022-08-05 19:01:10,894:myscripts.logger_comb:successfull removing outliers
2022-08-05 19:01:10,921:myscripts.logger_comb:successfull removing outliers
2022-08-05 19:01:18,806:myscripts.logger_comb:successful filled nan with input value
2022-08-05 19:01:18,808:myscripts.logger_comb:successful filled nan with input value
2022-08-05 19:01:21,571:myscripts.logger_comb:successful filled nan with input value
2022-08-05 19:01:21,588:myscripts.logger_comb:successful filled nan with input value
2022-08-05 19:01:25,727:myscripts.logger_comb:successful filled nan with input value
2022-08-05 19:01:25,814:myscripts.logger_comb:successful filled nan with input value
2022-08-05 19:01:25,829:myscripts.logger_comb:successful filled nan with input value
2022-08-05 19:01:25,843:myscripts.logger_comb:successful filled nan with input value
2022-08-05 19:01:27,704:myscripts.logger_comb:successful filled nan with input value
2022-08-05 19:01:27,715:myscripts.logger_comb:successful filled nan with input value
2022-08-05 19:01:27,721:myscripts.logger_comb:successful filled nan with input value
2022-08-05 19:01:45,277:myscripts.logger_comb:successful convert cat cols to numeric
2022-08-05 19:01:45,383:myscripts.logger_comb:successful convert cat cols to numeric
2022-08-06 10:56:38,511:myscripts.logger_comb:successful removing outliers
2022-08-06 10:56:49,186:myscripts.logger_comb:successful removing outliers
2022-08-06 10:57:48,185:myscripts.logger_comb:successful removing outliers
2022-08-06 10:58:37,089:myscripts.logger_comb:successful removing outliers
2022-08-06 11:01:00,103:myscripts.logger_comb:successful removing outliers
2022-08-06 11:39:24,298:myscripts.logger_comb:successful removing outliers
2022-08-06 11:56:04,442:myscripts.logger_comb:successful removing outliers
2022-08-06 12:42:39,860:myscripts.logger_comb:successful scaling data
2022-08-06 12:43:01,053:myscripts.logger_comb:successful scaling data
2022-08-06 12:43:05,478:myscripts.logger_comb:successful scaling data
2022-08-06 12:51:31,147:myscripts.logger_comb:successful removing outliers
2022-08-06 12:51:57,989:myscripts.logger_comb:successful scaling data
2022-08-06 13:09:14,133:myscripts.logger_comb:successful removing outliers
2022-08-06 13:09:15,000:myscripts.logger_comb:successful scaling data
2022-08-10 09:22:49,571:myscripts.logger_comb:successful removing outliers
2022-08-10 09:22:49,638:myscripts.logger_comb:successful removing outliers
2022-08-10 09:22:52,182:myscripts.logger_comb:successful filled nan with input value
2022-08-10 09:22:52,182:myscripts.logger_comb:successful filled nan with input value
2022-08-10 09:22:52,404:myscripts.logger_comb:successful filled nan with input value
2022-08-10 09:22:52,415:myscripts.logger_comb:successful filled nan with input value
2022-08-10 09:22:52,535:myscripts.logger_comb:successful filled nan with input value
2022-08-10 09:22:52,559:myscripts.logger_comb:successful filled nan with input value
2022-08-10 09:22:52,559:myscripts.logger_comb:successful filled nan with input value
2022-08-10 09:22:52,559:myscripts.logger_comb:successful filled nan with input value
2022-08-10 09:22:52,625:myscripts.logger_comb:successful filled nan with input value
2022-08-10 09:22:52,625:myscripts.logger_comb:successful filled nan with input value
2022-08-10 09:22:52,625:myscripts.logger_comb:successful filled nan with input value
2022-08-10 09:22:55,699:myscripts.logger_comb:successful convert cat cols to numeric
2022-08-10 09:22:55,773:myscripts.logger_comb:successful convert cat cols to numeric
2022-08-10 09:23:12,988:myscripts.logger_comb:successful scaling data
2022-08-10 09:23:13,170:myscripts.logger_comb:successful scaling data
2022-08-10 13:45:39,104:myscripts.logger_comb:successful removing outliers
2022-08-10 13:45:39,165:myscripts.logger_comb:successful removing outliers
2022-08-10 13:45:41,303:myscripts.logger_comb:successful filled nan with input value
2022-08-10 13:45:41,307:myscripts.logger_comb:successful filled nan with input value
2022-08-10 13:45:41,542:myscripts.logger_comb:successful filled nan with input value
2022-08-10 13:45:41,551:myscripts.logger_comb:successful filled nan with input value
2022-08-10 13:45:41,689:myscripts.logger_comb:successful filled nan with input value
2022-08-10 13:45:41,723:myscripts.logger_comb:successful filled nan with input value
2022-08-10 13:45:41,727:myscripts.logger_comb:successful filled nan with input value
2022-08-10 13:45:41,730:myscripts.logger_comb:successful filled nan with input value
2022-08-10 13:45:41,795:myscripts.logger_comb:successful filled nan with input value
2022-08-10 13:45:41,801:myscripts.logger_comb:successful filled nan with input value
2022-08-10 13:45:41,804:myscripts.logger_comb:successful filled nan with input value
2022-08-10 13:45:45,550:myscripts.logger_comb:successful convert cat cols to numeric
2022-08-10 13:45:45,636:myscripts.logger_comb:successful convert cat cols to numeric
2022-08-10 13:46:04,279:myscripts.logger_comb:successful scaling data
2022-08-10 13:46:04,460:myscripts.logger_comb:successful scaling data
